D:\CPROG\OTHELLO\OTHELLOCHARUI\DEBUG\OTHELLOCHARUI.EXE
D:\CPROG\OTHELLO\OTHELLOCHARUI\DEBUG\OTHELLOCHARUI.ILK
D:\CPROG\OTHELLO\OTHELLOCHARUI\DEBUG\OTHELLOCHARUI.PDB
D:\cprog\Othello\OthelloCharUI\OthelloCharUI\Debug\cl.command.1.tlog
D:\cprog\Othello\OthelloCharUI\OthelloCharUI\Debug\CL.read.1.tlog
D:\cprog\Othello\OthelloCharUI\OthelloCharUI\Debug\CL.write.1.tlog
D:\cprog\Othello\OthelloCharUI\OthelloCharUI\Debug\link.command.1.tlog
D:\cprog\Othello\OthelloCharUI\OthelloCharUI\Debug\link.read.1.tlog
D:\cprog\Othello\OthelloCharUI\OthelloCharUI\Debug\link.write.1.tlog
D:\cprog\Othello\OthelloCharUI\OthelloCharUI\Debug\link-cvtres.read.1.tlog
D:\cprog\Othello\OthelloCharUI\OthelloCharUI\Debug\link-cvtres.write.1.tlog
D:\cprog\Othello\OthelloCharUI\OthelloCharUI\Debug\mt.command.1.tlog
D:\cprog\Othello\OthelloCharUI\OthelloCharUI\Debug\mt.read.1.tlog
D:\cprog\Othello\OthelloCharUI\OthelloCharUI\Debug\mt.write.1.tlog
D:\CPROG\OTHELLO\OTHELLOCHARUI\OTHELLOCHARUI\DEBUG\OTHELLO.OBJ
D:\CPROG\OTHELLO\OTHELLOCHARUI\OTHELLOCHARUI\DEBUG\OTHELLOCHARUI.EXE.EMBED.MANIFEST
D:\CPROG\OTHELLO\OTHELLOCHARUI\OTHELLOCHARUI\DEBUG\OTHELLOCHARUI.EXE.EMBED.MANIFEST.RES
D:\CPROG\OTHELLO\OTHELLOCHARUI\OTHELLOCHARUI\DEBUG\OTHELLOCHARUI.EXE.INTERMEDIATE.MANIFEST
D:\cprog\Othello\OthelloCharUI\OthelloCharUI\Debug\OthelloCharUI_manifest.rc
D:\cprog\Othello\OthelloCharUI\OthelloCharUI\Debug\rc.command.1.tlog
D:\cprog\Othello\OthelloCharUI\OthelloCharUI\Debug\rc.read.1.tlog
D:\cprog\Othello\OthelloCharUI\OthelloCharUI\Debug\rc.write.1.tlog
D:\cprog\Othello\OthelloCharUI\OthelloCharUI\Debug\vc100.idb
D:\CPROG\OTHELLO\OTHELLOCHARUI\OTHELLOCHARUI\DEBUG\VC100.PDB
