生成启动时间为 2012/12/29 4:53:30。
     1>项目“D:\cprog\Othello\OthelloCharUI\OthelloCharUI\OthelloCharUI.vcxproj”在节点 2 上(rebuild 个目标)。
     1>_PrepareForClean:
         正在删除文件“Debug\OthelloCharUI.lastbuildstate”。
       InitializeBuildStatus:
         正在创建“Debug\OthelloCharUI.unsuccessfulbuild”，因为已指定“AlwaysCreate”。
       ClCompile:
         c:\Program Files\Microsoft Visual Studio 10.0\VC\bin\CL.exe /c /ZI /nologo /W3 /WX- /Od /Oy- /D WIN32 /D _DEBUG /D _CONSOLE /D _UNICODE /D UNICODE /Gm /EHsc /RTC1 /MDd /GS /fp:precise /Zc:wchar_t /Zc:forScope /Fo"Debug\\" /Fd"Debug\vc100.pdb" /Gd /TP /analyze- /errorReport:prompt othello.cpp
         othello.cpp
     1>d:\cprog\othello\othellocharui\othellocharui\othello.cpp(55): warning C4996: 'gets': This function or variable may be unsafe. Consider using gets_s instead. To disable deprecation, use _CRT_SECURE_NO_WARNINGS. See online help for details.
                 c:\program files\microsoft visual studio 10.0\vc\include\stdio.h(277) : 参见“gets”的声明
     1>d:\cprog\othello\othellocharui\othellocharui\othello.cpp(57): warning C4996: 'access': The POSIX name for this item is deprecated. Instead, use the ISO C++ conformant name: _access. See online help for details.
                 c:\program files\microsoft visual studio 10.0\vc\include\io.h(299) : 参见“access”的声明
     1>d:\cprog\othello\othellocharui\othellocharui\othello.cpp(66): warning C4996: 'gets': This function or variable may be unsafe. Consider using gets_s instead. To disable deprecation, use _CRT_SECURE_NO_WARNINGS. See online help for details.
                 c:\program files\microsoft visual studio 10.0\vc\include\stdio.h(277) : 参见“gets”的声明
     1>d:\cprog\othello\othellocharui\othellocharui\othello.cpp(68): warning C4996: 'gets': This function or variable may be unsafe. Consider using gets_s instead. To disable deprecation, use _CRT_SECURE_NO_WARNINGS. See online help for details.
                 c:\program files\microsoft visual studio 10.0\vc\include\stdio.h(277) : 参见“gets”的声明
     1>d:\cprog\othello\othellocharui\othellocharui\othello.cpp(99): warning C4996: 'gets': This function or variable may be unsafe. Consider using gets_s instead. To disable deprecation, use _CRT_SECURE_NO_WARNINGS. See online help for details.
                 c:\program files\microsoft visual studio 10.0\vc\include\stdio.h(277) : 参见“gets”的声明
     1>d:\cprog\othello\othellocharui\othellocharui\othello.cpp(122): warning C4996: 'gets': This function or variable may be unsafe. Consider using gets_s instead. To disable deprecation, use _CRT_SECURE_NO_WARNINGS. See online help for details.
                 c:\program files\microsoft visual studio 10.0\vc\include\stdio.h(277) : 参见“gets”的声明
     1>d:\cprog\othello\othellocharui\othellocharui\othello.cpp(124): warning C4996: 'gets': This function or variable may be unsafe. Consider using gets_s instead. To disable deprecation, use _CRT_SECURE_NO_WARNINGS. See online help for details.
                 c:\program files\microsoft visual studio 10.0\vc\include\stdio.h(277) : 参见“gets”的声明
     1>d:\cprog\othello\othellocharui\othellocharui\othello.cpp(252): warning C4996: 'gets': This function or variable may be unsafe. Consider using gets_s instead. To disable deprecation, use _CRT_SECURE_NO_WARNINGS. See online help for details.
                 c:\program files\microsoft visual studio 10.0\vc\include\stdio.h(277) : 参见“gets”的声明
     1>d:\cprog\othello\othellocharui\othellocharui\othello.cpp(277): warning C4996: 'gets': This function or variable may be unsafe. Consider using gets_s instead. To disable deprecation, use _CRT_SECURE_NO_WARNINGS. See online help for details.
                 c:\program files\microsoft visual studio 10.0\vc\include\stdio.h(277) : 参见“gets”的声明
     1>d:\cprog\othello\othellocharui\othellocharui\othello.cpp(279): warning C4996: 'gets': This function or variable may be unsafe. Consider using gets_s instead. To disable deprecation, use _CRT_SECURE_NO_WARNINGS. See online help for details.
                 c:\program files\microsoft visual studio 10.0\vc\include\stdio.h(277) : 参见“gets”的声明
     1>d:\cprog\othello\othellocharui\othellocharui\othello.cpp(355): warning C4996: 'gets': This function or variable may be unsafe. Consider using gets_s instead. To disable deprecation, use _CRT_SECURE_NO_WARNINGS. See online help for details.
                 c:\program files\microsoft visual studio 10.0\vc\include\stdio.h(277) : 参见“gets”的声明
     1>d:\cprog\othello\othellocharui\othellocharui\othello.cpp(357): warning C4996: 'gets': This function or variable may be unsafe. Consider using gets_s instead. To disable deprecation, use _CRT_SECURE_NO_WARNINGS. See online help for details.
                 c:\program files\microsoft visual studio 10.0\vc\include\stdio.h(277) : 参见“gets”的声明
     1>d:\cprog\othello\othellocharui\othellocharui\othello.cpp(567): warning C4996: 'gets': This function or variable may be unsafe. Consider using gets_s instead. To disable deprecation, use _CRT_SECURE_NO_WARNINGS. See online help for details.
                 c:\program files\microsoft visual studio 10.0\vc\include\stdio.h(277) : 参见“gets”的声明
     1>d:\cprog\othello\othellocharui\othellocharui\othello.cpp(569): warning C4996: 'gets': This function or variable may be unsafe. Consider using gets_s instead. To disable deprecation, use _CRT_SECURE_NO_WARNINGS. See online help for details.
                 c:\program files\microsoft visual studio 10.0\vc\include\stdio.h(277) : 参见“gets”的声明
     1>d:\cprog\othello\othellocharui\othellocharui\othello.cpp(641): warning C4996: 'gets': This function or variable may be unsafe. Consider using gets_s instead. To disable deprecation, use _CRT_SECURE_NO_WARNINGS. See online help for details.
                 c:\program files\microsoft visual studio 10.0\vc\include\stdio.h(277) : 参见“gets”的声明
     1>d:\cprog\othello\othellocharui\othellocharui\othello.cpp(643): warning C4996: 'gets': This function or variable may be unsafe. Consider using gets_s instead. To disable deprecation, use _CRT_SECURE_NO_WARNINGS. See online help for details.
                 c:\program files\microsoft visual studio 10.0\vc\include\stdio.h(277) : 参见“gets”的声明
     1>d:\cprog\othello\othellocharui\othellocharui\othello.cpp(675): warning C4996: 'gets': This function or variable may be unsafe. Consider using gets_s instead. To disable deprecation, use _CRT_SECURE_NO_WARNINGS. See online help for details.
                 c:\program files\microsoft visual studio 10.0\vc\include\stdio.h(277) : 参见“gets”的声明
     1>d:\cprog\othello\othellocharui\othellocharui\othello.cpp(677): warning C4996: 'gets': This function or variable may be unsafe. Consider using gets_s instead. To disable deprecation, use _CRT_SECURE_NO_WARNINGS. See online help for details.
                 c:\program files\microsoft visual studio 10.0\vc\include\stdio.h(277) : 参见“gets”的声明
     1>d:\cprog\othello\othellocharui\othellocharui\othello.cpp(749): warning C4996: 'gets': This function or variable may be unsafe. Consider using gets_s instead. To disable deprecation, use _CRT_SECURE_NO_WARNINGS. See online help for details.
                 c:\program files\microsoft visual studio 10.0\vc\include\stdio.h(277) : 参见“gets”的声明
     1>d:\cprog\othello\othellocharui\othellocharui\othello.cpp(751): warning C4996: 'gets': This function or variable may be unsafe. Consider using gets_s instead. To disable deprecation, use _CRT_SECURE_NO_WARNINGS. See online help for details.
                 c:\program files\microsoft visual studio 10.0\vc\include\stdio.h(277) : 参见“gets”的声明
     1>d:\cprog\othello\othellocharui\othellocharui\othello.cpp(786): warning C4996: 'gets': This function or variable may be unsafe. Consider using gets_s instead. To disable deprecation, use _CRT_SECURE_NO_WARNINGS. See online help for details.
                 c:\program files\microsoft visual studio 10.0\vc\include\stdio.h(277) : 参见“gets”的声明
     1>d:\cprog\othello\othellocharui\othellocharui\othello.cpp(788): warning C4996: 'gets': This function or variable may be unsafe. Consider using gets_s instead. To disable deprecation, use _CRT_SECURE_NO_WARNINGS. See online help for details.
                 c:\program files\microsoft visual studio 10.0\vc\include\stdio.h(277) : 参见“gets”的声明
     1>d:\cprog\othello\othellocharui\othellocharui\othello.cpp(884): warning C4996: 'gets': This function or variable may be unsafe. Consider using gets_s instead. To disable deprecation, use _CRT_SECURE_NO_WARNINGS. See online help for details.
                 c:\program files\microsoft visual studio 10.0\vc\include\stdio.h(277) : 参见“gets”的声明
     1>d:\cprog\othello\othellocharui\othellocharui\othello.cpp(886): warning C4996: 'gets': This function or variable may be unsafe. Consider using gets_s instead. To disable deprecation, use _CRT_SECURE_NO_WARNINGS. See online help for details.
                 c:\program files\microsoft visual studio 10.0\vc\include\stdio.h(277) : 参见“gets”的声明
     1>d:\cprog\othello\othellocharui\othellocharui\othello.cpp(1285): warning C4996: 'gets': This function or variable may be unsafe. Consider using gets_s instead. To disable deprecation, use _CRT_SECURE_NO_WARNINGS. See online help for details.
                 c:\program files\microsoft visual studio 10.0\vc\include\stdio.h(277) : 参见“gets”的声明
     1>d:\cprog\othello\othellocharui\othellocharui\othello.cpp(1287): warning C4996: 'gets': This function or variable may be unsafe. Consider using gets_s instead. To disable deprecation, use _CRT_SECURE_NO_WARNINGS. See online help for details.
                 c:\program files\microsoft visual studio 10.0\vc\include\stdio.h(277) : 参见“gets”的声明
     1>d:\cprog\othello\othellocharui\othellocharui\othello.cpp(1702): warning C4996: 'gets': This function or variable may be unsafe. Consider using gets_s instead. To disable deprecation, use _CRT_SECURE_NO_WARNINGS. See online help for details.
                 c:\program files\microsoft visual studio 10.0\vc\include\stdio.h(277) : 参见“gets”的声明
     1>d:\cprog\othello\othellocharui\othellocharui\othello.cpp(1704): warning C4996: 'gets': This function or variable may be unsafe. Consider using gets_s instead. To disable deprecation, use _CRT_SECURE_NO_WARNINGS. See online help for details.
                 c:\program files\microsoft visual studio 10.0\vc\include\stdio.h(277) : 参见“gets”的声明
     1>d:\cprog\othello\othellocharui\othellocharui\othello.cpp(1760): warning C4996: 'gets': This function or variable may be unsafe. Consider using gets_s instead. To disable deprecation, use _CRT_SECURE_NO_WARNINGS. See online help for details.
                 c:\program files\microsoft visual studio 10.0\vc\include\stdio.h(277) : 参见“gets”的声明
     1>d:\cprog\othello\othellocharui\othellocharui\othello.cpp(1762): warning C4996: 'gets': This function or variable may be unsafe. Consider using gets_s instead. To disable deprecation, use _CRT_SECURE_NO_WARNINGS. See online help for details.
                 c:\program files\microsoft visual studio 10.0\vc\include\stdio.h(277) : 参见“gets”的声明
     1>d:\cprog\othello\othellocharui\othellocharui\othello.cpp(1874): warning C4996: 'scanf': This function or variable may be unsafe. Consider using scanf_s instead. To disable deprecation, use _CRT_SECURE_NO_WARNINGS. See online help for details.
                 c:\program files\microsoft visual studio 10.0\vc\include\stdio.h(304) : 参见“scanf”的声明
       ManifestResourceCompile:
         c:\Program Files\Microsoft SDKs\Windows\v7.0A\bin\rc.exe /nologo /fo"Debug\OthelloCharUI.exe.embed.manifest.res" Debug\OthelloCharUI_manifest.rc 
       Link:
         c:\Program Files\Microsoft Visual Studio 10.0\VC\bin\link.exe /ERRORREPORT:PROMPT /OUT:"D:\cprog\Othello\OthelloCharUI\Debug\OthelloCharUI.exe" /INCREMENTAL /NOLOGO kernel32.lib user32.lib gdi32.lib winspool.lib comdlg32.lib advapi32.lib shell32.lib ole32.lib oleaut32.lib uuid.lib odbc32.lib odbccp32.lib /MANIFEST /ManifestFile:"Debug\OthelloCharUI.exe.intermediate.manifest" /MANIFESTUAC:"level='asInvoker' uiAccess='false'" /DEBUG /PDB:"D:\cprog\Othello\OthelloCharUI\Debug\OthelloCharUI.pdb" /SUBSYSTEM:CONSOLE /TLBID:1 /DYNAMICBASE /NXCOMPAT /IMPLIB:"D:\cprog\Othello\OthelloCharUI\Debug\OthelloCharUI.lib" /MACHINE:X86 Debug\OthelloCharUI.exe.embed.manifest.res
         Debug\othello.obj
       Manifest:
         正在删除文件“Debug\OthelloCharUI.exe.embed.manifest”。
         c:\Program Files\Microsoft SDKs\Windows\v7.0A\bin\mt.exe /nologo /verbose /out:"Debug\OthelloCharUI.exe.embed.manifest" /manifest Debug\OthelloCharUI.exe.intermediate.manifest
         c:\Program Files\Microsoft SDKs\Windows\v7.0A\bin\rc.exe /nologo /fo"Debug\OthelloCharUI.exe.embed.manifest.res" Debug\OthelloCharUI_manifest.rc 
       LinkEmbedManifest:
         c:\Program Files\Microsoft Visual Studio 10.0\VC\bin\link.exe /ERRORREPORT:PROMPT /OUT:"D:\cprog\Othello\OthelloCharUI\Debug\OthelloCharUI.exe" /INCREMENTAL /NOLOGO kernel32.lib user32.lib gdi32.lib winspool.lib comdlg32.lib advapi32.lib shell32.lib ole32.lib oleaut32.lib uuid.lib odbc32.lib odbccp32.lib /MANIFEST /ManifestFile:"Debug\OthelloCharUI.exe.intermediate.manifest" /MANIFESTUAC:"level='asInvoker' uiAccess='false'" /DEBUG /PDB:"D:\cprog\Othello\OthelloCharUI\Debug\OthelloCharUI.pdb" /SUBSYSTEM:CONSOLE /TLBID:1 /DYNAMICBASE /NXCOMPAT /IMPLIB:"D:\cprog\Othello\OthelloCharUI\Debug\OthelloCharUI.lib" /MACHINE:X86 Debug\OthelloCharUI.exe.embed.manifest.res
         Debug\othello.obj
         OthelloCharUI.vcxproj -> D:\cprog\Othello\OthelloCharUI\Debug\OthelloCharUI.exe
       FinalizeBuildStatus:
         正在删除文件“Debug\OthelloCharUI.unsuccessfulbuild”。
         正在对“Debug\OthelloCharUI.lastbuildstate”执行 Touch 任务。
     1>已完成生成项目“D:\cprog\Othello\OthelloCharUI\OthelloCharUI\OthelloCharUI.vcxproj”(rebuild 个目标)的操作。

生成成功。

已用时间 00:00:02.12
